<?xml version="1.0" encoding="UTF-8"?>
<testsuite xmlns:xsi="http://www.w3.org/2001/XMLSchema-instance" xsi:noNamespaceSchemaLocation="https://maven.apache.org/surefire/maven-surefire-plugin/xsd/surefire-test-report.xsd" version="3.0.2" name="pl.kijanko.zadanie2.controller.HelloControllerTest" time="3.836" tests="1" errors="0" skipped="0" failures="0">
  <properties>
[...]
</properties>
  <testcase name="shouldReturnHello" classname="pl.kijanko.zadanie2.controller.HelloControllerTest" time="1.109">
    <system-out><![CDATA[10:34:36.231 [main] INFO org.springframework.test.context.support.AnnotationConfigContextLoaderUtils -- Could not detect default configuration classes for test class [pl.kijanko.zadanie2.controller.HelloControllerTest]: HelloControllerTest does not declare any static, non-private, non-final, nested classes annotated with @Configuration.
10:34:36.511 [main] INFO org.springframework.boot.test.context.SpringBootTestContextBootstrapper -- Found @SpringBootConfiguration pl.kijanko.zadanie2.Zadanie2Application for test class pl.kijanko.zadanie2.controller.HelloControllerTest

  .   ____          _            __ _ _
 /\\ / ___'_ __ _ _(_)_ __  __ _ \ \ \ \
( ( )\___ | '_ | '_| | '_ \/ _` | \ \ \ \
 \\/  ___)| |_)| | | | | || (_| |  ) ) ) )
  '  |____| .__|_| |_|_| |_\__, | / / / /
 =========|_|==============|___/=/_/_/_/

 :: Spring Boot ::                (v3.4.5)

2025-05-14T10:34:37.180+02:00  INFO 30116 --- [zadanie2] [           main] p.k.z.controller.HelloControllerTest     : Starting HelloControllerTest using Java 21.0.3 with PID 30116 (started by JakubK in C:\Users\JakubK\Desktop\pliki\zad\zad2\zadanie2)
2025-05-14T10:34:37.182+02:00  INFO 30116 --- [zadanie2] [           main] p.k.z.controller.HelloControllerTest     : No active profile set, falling back to 1 default profile: "default"
2025-05-14T10:34:38.642+02:00  INFO 30116 --- [zadanie2] [           main] o.s.b.t.m.w.SpringBootMockServletContext : Initializing Spring TestDispatcherServlet ''
2025-05-14T10:34:38.642+02:00  INFO 30116 --- [zadanie2] [           main] o.s.t.web.servlet.TestDispatcherServlet  : Initializing Servlet ''
2025-05-14T10:34:38.645+02:00  INFO 30116 --- [zadanie2] [           main] o.s.t.web.servlet.TestDispatcherServlet  : Completed initialization in 1 ms
2025-05-14T10:34:38.678+02:00  INFO 30116 --- [zadanie2] [           main] p.k.z.controller.HelloControllerTest     : Started HelloControllerTest in 1.922 seconds (process running for 3.517)
]]></system-out>
    <system-err><![CDATA[Mockito is currently self-attaching to enable the inline-mock-maker. This will no longer work in future releases of the JDK. Please add Mockito as an agent to your build what is described in Mockito's documentation: https://javadoc.io/doc/org.mockito/mockito-core/latest/org/mockito/Mockito.html#0.3
WARNING: A Java agent has been loaded dynamically (C:\Users\JakubK\.m2\repository\net\bytebuddy\byte-buddy-agent\1.15.11\byte-buddy-agent-1.15.11.jar)
WARNING: If a serviceability tool is in use, please run with -XX:+EnableDynamicAgentLoading to hide this warning
WARNING: If a serviceability tool is not in use, please run with -Djdk.instrument.traceUsage for more information
WARNING: Dynamic loading of agents will be disallowed by default in a future release
]]></system-err>
  </testcase>
</testsuite>